
2023-12-29 15:23:50,027 [ERROR]: 
	File Deletion Error: /home/bfair/Desktop/working_desktop/myDesktop/Coding Dojo/Python Stack/PyMySQLProjects/python_app_projects/my_app/static/pics/3_day_temperature_graph.png - No such file or directory 


2023-12-29 15:23:50,027 [ERROR]: 
	File Deletion Error: /home/bfair/Desktop/working_desktop/myDesktop/Coding Dojo/Python Stack/PyMySQLProjects/python_app_projects/my_app/static/pics/3_day_humidity_graph.png - No such file or directory 


2023-12-29 15:23:50,028 [ERROR]: 
	File Deletion Error: /home/bfair/Desktop/working_desktop/myDesktop/Coding Dojo/Python Stack/PyMySQLProjects/python_app_projects/my_app/static/pics/3_day_precipitation_graph.png - No such file or directory 


2023-12-29 15:23:50,574 [ERROR]: 
	Check internet connection! 
	Expecting value: line 1 column 1 (char 0) 


2023-12-29 15:25:23,834 [ERROR]: 
	File Deletion Error: /home/bfair/Desktop/working_desktop/myDesktop/Coding Dojo/Python Stack/PyMySQLProjects/python_app_projects/my_app/static/pics/3_day_temperature_graph.png - No such file or directory 


2023-12-29 15:25:23,834 [ERROR]: 
	File Deletion Error: /home/bfair/Desktop/working_desktop/myDesktop/Coding Dojo/Python Stack/PyMySQLProjects/python_app_projects/my_app/static/pics/3_day_humidity_graph.png - No such file or directory 


2023-12-29 15:25:23,835 [ERROR]: 
	File Deletion Error: /home/bfair/Desktop/working_desktop/myDesktop/Coding Dojo/Python Stack/PyMySQLProjects/python_app_projects/my_app/static/pics/3_day_precipitation_graph.png - No such file or directory 


2023-12-29 15:25:24,404 [ERROR]: 
	Check internet connection! 
	Expecting value: line 1 column 1 (char 0) 


2023-12-29 15:25:35,692 [ERROR]: 
	File Deletion Error: /home/bfair/Desktop/working_desktop/myDesktop/Coding Dojo/Python Stack/PyMySQLProjects/python_app_projects/my_app/static/pics/3_day_temperature_graph.png - No such file or directory 


2023-12-29 15:25:35,692 [ERROR]: 
	File Deletion Error: /home/bfair/Desktop/working_desktop/myDesktop/Coding Dojo/Python Stack/PyMySQLProjects/python_app_projects/my_app/static/pics/3_day_humidity_graph.png - No such file or directory 


2023-12-29 15:25:35,693 [ERROR]: 
	File Deletion Error: /home/bfair/Desktop/working_desktop/myDesktop/Coding Dojo/Python Stack/PyMySQLProjects/python_app_projects/my_app/static/pics/3_day_precipitation_graph.png - No such file or directory 


2023-12-29 15:25:36,766 [ERROR]: 
	Check internet connection! 
	Expecting value: line 1 column 1 (char 0) 

